  源.cpp
C:\Users\Yuki\Desktop\东方地灵殿\源.cpp(338,20): warning C4244: “=”: 从“int”转换到“float”，可能丢失数据
C:\Users\Yuki\Desktop\东方地灵殿\源.cpp(339,21): warning C4244: “=”: 从“int”转换到“float”，可能丢失数据
C:\Users\Yuki\Desktop\东方地灵殿\源.cpp(346,22): warning C4244: “=”: 从“double”转换到“int”，可能丢失数据
C:\Users\Yuki\Desktop\东方地灵殿\源.cpp(540,37): warning C4244: “参数”: 从“float”转换到“int”，可能丢失数据
C:\Users\Yuki\Desktop\东方地灵殿\源.cpp(540,23): warning C4244: “参数”: 从“float”转换到“int”，可能丢失数据
C:\Users\Yuki\Desktop\东方地灵殿\源.cpp(541,37): warning C4244: “参数”: 从“float”转换到“int”，可能丢失数据
C:\Users\Yuki\Desktop\东方地灵殿\源.cpp(541,23): warning C4244: “参数”: 从“float”转换到“int”，可能丢失数据
C:\Users\Yuki\Desktop\东方地灵殿\源.cpp(573,33): warning C4244: “参数”: 从“float”转换到“int”，可能丢失数据
C:\Users\Yuki\Desktop\东方地灵殿\源.cpp(573,20): warning C4244: “参数”: 从“float”转换到“int”，可能丢失数据
C:\Users\Yuki\Desktop\东方地灵殿\源.cpp(574,33): warning C4244: “参数”: 从“float”转换到“int”，可能丢失数据
C:\Users\Yuki\Desktop\东方地灵殿\源.cpp(574,20): warning C4244: “参数”: 从“float”转换到“int”，可能丢失数据
C:\Users\Yuki\Desktop\东方地灵殿\源.cpp(577,33): warning C4244: “参数”: 从“float”转换到“int”，可能丢失数据
C:\Users\Yuki\Desktop\东方地灵殿\源.cpp(577,20): warning C4244: “参数”: 从“float”转换到“int”，可能丢失数据
C:\Users\Yuki\Desktop\东方地灵殿\源.cpp(578,33): warning C4244: “参数”: 从“float”转换到“int”，可能丢失数据
C:\Users\Yuki\Desktop\东方地灵殿\源.cpp(578,20): warning C4244: “参数”: 从“float”转换到“int”，可能丢失数据
C:\Users\Yuki\Desktop\东方地灵殿\源.cpp(581,34): warning C4244: “参数”: 从“float”转换到“int”，可能丢失数据
C:\Users\Yuki\Desktop\东方地灵殿\源.cpp(581,20): warning C4244: “参数”: 从“float”转换到“int”，可能丢失数据
C:\Users\Yuki\Desktop\东方地灵殿\源.cpp(582,34): warning C4244: “参数”: 从“float”转换到“int”，可能丢失数据
C:\Users\Yuki\Desktop\东方地灵殿\源.cpp(582,20): warning C4244: “参数”: 从“float”转换到“int”，可能丢失数据
C:\Users\Yuki\Desktop\东方地灵殿\源.cpp(585,33): warning C4244: “参数”: 从“float”转换到“int”，可能丢失数据
C:\Users\Yuki\Desktop\东方地灵殿\源.cpp(585,20): warning C4244: “参数”: 从“float”转换到“int”，可能丢失数据
C:\Users\Yuki\Desktop\东方地灵殿\源.cpp(586,33): warning C4244: “参数”: 从“float”转换到“int”，可能丢失数据
C:\Users\Yuki\Desktop\东方地灵殿\源.cpp(586,20): warning C4244: “参数”: 从“float”转换到“int”，可能丢失数据
C:\Users\Yuki\Desktop\东方地灵殿\源.cpp(594,32): warning C4244: “参数”: 从“float”转换到“int”，可能丢失数据
C:\Users\Yuki\Desktop\东方地灵殿\源.cpp(594,19): warning C4244: “参数”: 从“float”转换到“int”，可能丢失数据
C:\Users\Yuki\Desktop\东方地灵殿\源.cpp(595,32): warning C4244: “参数”: 从“float”转换到“int”，可能丢失数据
C:\Users\Yuki\Desktop\东方地灵殿\源.cpp(595,19): warning C4244: “参数”: 从“float”转换到“int”，可能丢失数据
C:\Users\Yuki\Desktop\东方地灵殿\源.cpp(600,29): warning C4244: “参数”: 从“float”转换到“int”，可能丢失数据
C:\Users\Yuki\Desktop\东方地灵殿\源.cpp(600,20): warning C4244: “参数”: 从“float”转换到“int”，可能丢失数据
C:\Users\Yuki\Desktop\东方地灵殿\源.cpp(601,29): warning C4244: “参数”: 从“float”转换到“int”，可能丢失数据
C:\Users\Yuki\Desktop\东方地灵殿\源.cpp(601,20): warning C4244: “参数”: 从“float”转换到“int”，可能丢失数据
C:\Users\Yuki\Desktop\东方地灵殿\源.cpp(608,29): warning C4244: “参数”: 从“float”转换到“int”，可能丢失数据
C:\Users\Yuki\Desktop\东方地灵殿\源.cpp(608,20): warning C4244: “参数”: 从“float”转换到“int”，可能丢失数据
C:\Users\Yuki\Desktop\东方地灵殿\源.cpp(609,29): warning C4244: “参数”: 从“float”转换到“int”，可能丢失数据
C:\Users\Yuki\Desktop\东方地灵殿\源.cpp(609,20): warning C4244: “参数”: 从“float”转换到“int”，可能丢失数据
C:\Users\Yuki\Desktop\东方地灵殿\源.cpp(615,29): warning C4244: “参数”: 从“float”转换到“int”，可能丢失数据
C:\Users\Yuki\Desktop\东方地灵殿\源.cpp(615,20): warning C4244: “参数”: 从“float”转换到“int”，可能丢失数据
C:\Users\Yuki\Desktop\东方地灵殿\源.cpp(616,29): warning C4244: “参数”: 从“float”转换到“int”，可能丢失数据
C:\Users\Yuki\Desktop\东方地灵殿\源.cpp(616,20): warning C4244: “参数”: 从“float”转换到“int”，可能丢失数据
C:\Users\Yuki\Desktop\东方地灵殿\源.cpp(704,24): warning C4305: “+=”: 从“double”到“float”截断
C:\Users\Yuki\Desktop\东方地灵殿\源.cpp(718,42): warning C4244: “=”: 从“float”转换到“int”，可能丢失数据
C:\Users\Yuki\Desktop\东方地灵殿\源.cpp(719,42): warning C4244: “=”: 从“float”转换到“int”，可能丢失数据
C:\Users\Yuki\Desktop\东方地灵殿\源.cpp(720,49): warning C4244: “参数”: 从“float”转换到“int”，可能丢失数据
C:\Users\Yuki\Desktop\东方地灵殿\源.cpp(720,30): warning C4244: “参数”: 从“float”转换到“int”，可能丢失数据
C:\Users\Yuki\Desktop\东方地灵殿\源.cpp(721,46): warning C4244: “参数”: 从“float”转换到“int”，可能丢失数据
C:\Users\Yuki\Desktop\东方地灵殿\源.cpp(721,29): warning C4244: “参数”: 从“float”转换到“int”，可能丢失数据
C:\Users\Yuki\Desktop\东方地灵殿\源.cpp(744,36): warning C4244: “=”: 从“int”转换到“float”，可能丢失数据
C:\Users\Yuki\Desktop\东方地灵殿\源.cpp(745,23): warning C4244: “=”: 从“int”转换到“float”，可能丢失数据
C:\Users\Yuki\Desktop\东方地灵殿\源.cpp(752,25): warning C4244: “=”: 从“double”转换到“int”，可能丢失数据
C:\Users\Yuki\Desktop\东方地灵殿\源.cpp(760,24): warning C4305: “+=”: 从“double”到“float”截断
C:\Users\Yuki\Desktop\东方地灵殿\源.cpp(774,42): warning C4244: “=”: 从“float”转换到“int”，可能丢失数据
C:\Users\Yuki\Desktop\东方地灵殿\源.cpp(775,42): warning C4244: “=”: 从“float”转换到“int”，可能丢失数据
C:\Users\Yuki\Desktop\东方地灵殿\源.cpp(776,49): warning C4244: “参数”: 从“float”转换到“int”，可能丢失数据
C:\Users\Yuki\Desktop\东方地灵殿\源.cpp(776,30): warning C4244: “参数”: 从“float”转换到“int”，可能丢失数据
C:\Users\Yuki\Desktop\东方地灵殿\源.cpp(777,49): warning C4244: “参数”: 从“float”转换到“int”，可能丢失数据
C:\Users\Yuki\Desktop\东方地灵殿\源.cpp(777,30): warning C4244: “参数”: 从“float”转换到“int”，可能丢失数据
C:\Users\Yuki\Desktop\东方地灵殿\源.cpp(865,19): warning C4244: “=”: 从“float”转换到“int”，可能丢失数据
C:\Users\Yuki\Desktop\东方地灵殿\源.cpp(944,25): warning C4244: “=”: 从“double”转换到“float”，可能丢失数据
C:\Users\Yuki\Desktop\东方地灵殿\源.cpp(945,25): warning C4244: “=”: 从“double”转换到“float”，可能丢失数据
C:\Users\Yuki\Desktop\东方地灵殿\源.cpp(946,27): warning C4244: “=”: 从“double”转换到“float”，可能丢失数据
C:\Users\Yuki\Desktop\东方地灵殿\源.cpp(947,40): warning C4244: “=”: 从“double”转换到“float”，可能丢失数据
C:\Users\Yuki\Desktop\东方地灵殿\源.cpp(967,27): warning C4244: “=”: 从“int”转换到“float”，可能丢失数据
C:\Users\Yuki\Desktop\东方地灵殿\源.cpp(988,21): warning C4244: “=”: 从“float”转换到“int”，可能丢失数据
C:\Users\Yuki\Desktop\东方地灵殿\源.cpp(995,25): warning C4244: “=”: 从“double”转换到“float”，可能丢失数据
C:\Users\Yuki\Desktop\东方地灵殿\源.cpp(996,25): warning C4244: “=”: 从“double”转换到“float”，可能丢失数据
C:\Users\Yuki\Desktop\东方地灵殿\源.cpp(997,27): warning C4244: “=”: 从“double”转换到“float”，可能丢失数据
C:\Users\Yuki\Desktop\东方地灵殿\源.cpp(998,41): warning C4244: “=”: 从“double”转换到“float”，可能丢失数据
C:\Users\Yuki\Desktop\东方地灵殿\源.cpp(1008,26): warning C4244: “=”: 从“double”转换到“float”，可能丢失数据
C:\Users\Yuki\Desktop\东方地灵殿\源.cpp(1014,17): warning C4305: “+=”: 从“double”到“float”截断
C:\Users\Yuki\Desktop\东方地灵殿\源.cpp(1030,20): warning C4244: “=”: 从“float”转换到“int”，可能丢失数据
C:\Users\Yuki\Desktop\东方地灵殿\源.cpp(1040,25): warning C4244: “=”: 从“double”转换到“float”，可能丢失数据
C:\Users\Yuki\Desktop\东方地灵殿\源.cpp(1041,25): warning C4244: “=”: 从“double”转换到“float”，可能丢失数据
C:\Users\Yuki\Desktop\东方地灵殿\源.cpp(1042,27): warning C4244: “=”: 从“double”转换到“float”，可能丢失数据
C:\Users\Yuki\Desktop\东方地灵殿\源.cpp(1043,27): warning C4244: “=”: 从“double”转换到“float”，可能丢失数据
C:\Users\Yuki\Desktop\东方地灵殿\源.cpp(1058,27): warning C4244: “=”: 从“double”转换到“float”，可能丢失数据
C:\Users\Yuki\Desktop\东方地灵殿\源.cpp(1059,27): warning C4244: “=”: 从“double”转换到“float”，可能丢失数据
C:\Users\Yuki\Desktop\东方地灵殿\源.cpp(1062,27): warning C4244: “=”: 从“double”转换到“float”，可能丢失数据
C:\Users\Yuki\Desktop\东方地灵殿\源.cpp(1063,27): warning C4244: “=”: 从“double”转换到“float”，可能丢失数据
C:\Users\Yuki\Desktop\东方地灵殿\源.cpp(1066,27): warning C4244: “=”: 从“double”转换到“float”，可能丢失数据
C:\Users\Yuki\Desktop\东方地灵殿\源.cpp(1067,27): warning C4244: “=”: 从“double”转换到“float”，可能丢失数据
C:\Users\Yuki\Desktop\东方地灵殿\源.cpp(1070,27): warning C4244: “=”: 从“double”转换到“float”，可能丢失数据
C:\Users\Yuki\Desktop\东方地灵殿\源.cpp(1071,27): warning C4244: “=”: 从“double”转换到“float”，可能丢失数据
C:\Users\Yuki\Desktop\东方地灵殿\源.cpp(1073,21): warning C4305: “+=”: 从“double”到“float”截断
C:\Users\Yuki\Desktop\东方地灵殿\源.cpp(1094,21): warning C4244: “=”: 从“float”转换到“int”，可能丢失数据
  Game.vcxproj -> C:\Users\Yuki\Desktop\东方地灵殿\x64\Debug\Game.exe
