  源.cpp
D:\项目和代码\游戏项目 东方地灵殿\源.cpp(336,20): warning C4244: “=”: 从“int”转换到“float”，可能丢失数据
D:\项目和代码\游戏项目 东方地灵殿\源.cpp(337,21): warning C4244: “=”: 从“int”转换到“float”，可能丢失数据
D:\项目和代码\游戏项目 东方地灵殿\源.cpp(344,22): warning C4244: “=”: 从“double”转换到“int”，可能丢失数据
D:\项目和代码\游戏项目 东方地灵殿\源.cpp(538,37): warning C4244: “参数”: 从“float”转换到“int”，可能丢失数据
D:\项目和代码\游戏项目 东方地灵殿\源.cpp(538,23): warning C4244: “参数”: 从“float”转换到“int”，可能丢失数据
D:\项目和代码\游戏项目 东方地灵殿\源.cpp(539,37): warning C4244: “参数”: 从“float”转换到“int”，可能丢失数据
D:\项目和代码\游戏项目 东方地灵殿\源.cpp(539,23): warning C4244: “参数”: 从“float”转换到“int”，可能丢失数据
D:\项目和代码\游戏项目 东方地灵殿\源.cpp(571,33): warning C4244: “参数”: 从“float”转换到“int”，可能丢失数据
D:\项目和代码\游戏项目 东方地灵殿\源.cpp(571,20): warning C4244: “参数”: 从“float”转换到“int”，可能丢失数据
D:\项目和代码\游戏项目 东方地灵殿\源.cpp(572,33): warning C4244: “参数”: 从“float”转换到“int”，可能丢失数据
D:\项目和代码\游戏项目 东方地灵殿\源.cpp(572,20): warning C4244: “参数”: 从“float”转换到“int”，可能丢失数据
D:\项目和代码\游戏项目 东方地灵殿\源.cpp(575,33): warning C4244: “参数”: 从“float”转换到“int”，可能丢失数据
D:\项目和代码\游戏项目 东方地灵殿\源.cpp(575,20): warning C4244: “参数”: 从“float”转换到“int”，可能丢失数据
D:\项目和代码\游戏项目 东方地灵殿\源.cpp(576,33): warning C4244: “参数”: 从“float”转换到“int”，可能丢失数据
D:\项目和代码\游戏项目 东方地灵殿\源.cpp(576,20): warning C4244: “参数”: 从“float”转换到“int”，可能丢失数据
D:\项目和代码\游戏项目 东方地灵殿\源.cpp(579,34): warning C4244: “参数”: 从“float”转换到“int”，可能丢失数据
D:\项目和代码\游戏项目 东方地灵殿\源.cpp(579,20): warning C4244: “参数”: 从“float”转换到“int”，可能丢失数据
D:\项目和代码\游戏项目 东方地灵殿\源.cpp(580,34): warning C4244: “参数”: 从“float”转换到“int”，可能丢失数据
D:\项目和代码\游戏项目 东方地灵殿\源.cpp(580,20): warning C4244: “参数”: 从“float”转换到“int”，可能丢失数据
D:\项目和代码\游戏项目 东方地灵殿\源.cpp(583,33): warning C4244: “参数”: 从“float”转换到“int”，可能丢失数据
D:\项目和代码\游戏项目 东方地灵殿\源.cpp(583,20): warning C4244: “参数”: 从“float”转换到“int”，可能丢失数据
D:\项目和代码\游戏项目 东方地灵殿\源.cpp(584,33): warning C4244: “参数”: 从“float”转换到“int”，可能丢失数据
D:\项目和代码\游戏项目 东方地灵殿\源.cpp(584,20): warning C4244: “参数”: 从“float”转换到“int”，可能丢失数据
D:\项目和代码\游戏项目 东方地灵殿\源.cpp(592,32): warning C4244: “参数”: 从“float”转换到“int”，可能丢失数据
D:\项目和代码\游戏项目 东方地灵殿\源.cpp(592,19): warning C4244: “参数”: 从“float”转换到“int”，可能丢失数据
D:\项目和代码\游戏项目 东方地灵殿\源.cpp(593,32): warning C4244: “参数”: 从“float”转换到“int”，可能丢失数据
D:\项目和代码\游戏项目 东方地灵殿\源.cpp(593,19): warning C4244: “参数”: 从“float”转换到“int”，可能丢失数据
D:\项目和代码\游戏项目 东方地灵殿\源.cpp(598,29): warning C4244: “参数”: 从“float”转换到“int”，可能丢失数据
D:\项目和代码\游戏项目 东方地灵殿\源.cpp(598,20): warning C4244: “参数”: 从“float”转换到“int”，可能丢失数据
D:\项目和代码\游戏项目 东方地灵殿\源.cpp(599,29): warning C4244: “参数”: 从“float”转换到“int”，可能丢失数据
D:\项目和代码\游戏项目 东方地灵殿\源.cpp(599,20): warning C4244: “参数”: 从“float”转换到“int”，可能丢失数据
D:\项目和代码\游戏项目 东方地灵殿\源.cpp(606,29): warning C4244: “参数”: 从“float”转换到“int”，可能丢失数据
D:\项目和代码\游戏项目 东方地灵殿\源.cpp(606,20): warning C4244: “参数”: 从“float”转换到“int”，可能丢失数据
D:\项目和代码\游戏项目 东方地灵殿\源.cpp(607,29): warning C4244: “参数”: 从“float”转换到“int”，可能丢失数据
D:\项目和代码\游戏项目 东方地灵殿\源.cpp(607,20): warning C4244: “参数”: 从“float”转换到“int”，可能丢失数据
D:\项目和代码\游戏项目 东方地灵殿\源.cpp(613,29): warning C4244: “参数”: 从“float”转换到“int”，可能丢失数据
D:\项目和代码\游戏项目 东方地灵殿\源.cpp(613,20): warning C4244: “参数”: 从“float”转换到“int”，可能丢失数据
D:\项目和代码\游戏项目 东方地灵殿\源.cpp(614,29): warning C4244: “参数”: 从“float”转换到“int”，可能丢失数据
D:\项目和代码\游戏项目 东方地灵殿\源.cpp(614,20): warning C4244: “参数”: 从“float”转换到“int”，可能丢失数据
D:\项目和代码\游戏项目 东方地灵殿\源.cpp(702,24): warning C4305: “+=”: 从“double”到“float”截断
D:\项目和代码\游戏项目 东方地灵殿\源.cpp(716,42): warning C4244: “=”: 从“float”转换到“int”，可能丢失数据
D:\项目和代码\游戏项目 东方地灵殿\源.cpp(717,42): warning C4244: “=”: 从“float”转换到“int”，可能丢失数据
D:\项目和代码\游戏项目 东方地灵殿\源.cpp(718,49): warning C4244: “参数”: 从“float”转换到“int”，可能丢失数据
D:\项目和代码\游戏项目 东方地灵殿\源.cpp(718,30): warning C4244: “参数”: 从“float”转换到“int”，可能丢失数据
D:\项目和代码\游戏项目 东方地灵殿\源.cpp(719,46): warning C4244: “参数”: 从“float”转换到“int”，可能丢失数据
D:\项目和代码\游戏项目 东方地灵殿\源.cpp(719,29): warning C4244: “参数”: 从“float”转换到“int”，可能丢失数据
D:\项目和代码\游戏项目 东方地灵殿\源.cpp(742,36): warning C4244: “=”: 从“int”转换到“float”，可能丢失数据
D:\项目和代码\游戏项目 东方地灵殿\源.cpp(743,23): warning C4244: “=”: 从“int”转换到“float”，可能丢失数据
D:\项目和代码\游戏项目 东方地灵殿\源.cpp(750,25): warning C4244: “=”: 从“double”转换到“int”，可能丢失数据
D:\项目和代码\游戏项目 东方地灵殿\源.cpp(758,24): warning C4305: “+=”: 从“double”到“float”截断
D:\项目和代码\游戏项目 东方地灵殿\源.cpp(772,42): warning C4244: “=”: 从“float”转换到“int”，可能丢失数据
D:\项目和代码\游戏项目 东方地灵殿\源.cpp(773,42): warning C4244: “=”: 从“float”转换到“int”，可能丢失数据
D:\项目和代码\游戏项目 东方地灵殿\源.cpp(774,49): warning C4244: “参数”: 从“float”转换到“int”，可能丢失数据
D:\项目和代码\游戏项目 东方地灵殿\源.cpp(774,30): warning C4244: “参数”: 从“float”转换到“int”，可能丢失数据
D:\项目和代码\游戏项目 东方地灵殿\源.cpp(775,49): warning C4244: “参数”: 从“float”转换到“int”，可能丢失数据
D:\项目和代码\游戏项目 东方地灵殿\源.cpp(775,30): warning C4244: “参数”: 从“float”转换到“int”，可能丢失数据
D:\项目和代码\游戏项目 东方地灵殿\源.cpp(863,19): warning C4244: “=”: 从“float”转换到“int”，可能丢失数据
D:\项目和代码\游戏项目 东方地灵殿\源.cpp(942,25): warning C4244: “=”: 从“double”转换到“float”，可能丢失数据
D:\项目和代码\游戏项目 东方地灵殿\源.cpp(943,25): warning C4244: “=”: 从“double”转换到“float”，可能丢失数据
D:\项目和代码\游戏项目 东方地灵殿\源.cpp(944,27): warning C4244: “=”: 从“double”转换到“float”，可能丢失数据
D:\项目和代码\游戏项目 东方地灵殿\源.cpp(945,40): warning C4244: “=”: 从“double”转换到“float”，可能丢失数据
D:\项目和代码\游戏项目 东方地灵殿\源.cpp(965,27): warning C4244: “=”: 从“int”转换到“float”，可能丢失数据
D:\项目和代码\游戏项目 东方地灵殿\源.cpp(986,21): warning C4244: “=”: 从“float”转换到“int”，可能丢失数据
D:\项目和代码\游戏项目 东方地灵殿\源.cpp(993,25): warning C4244: “=”: 从“double”转换到“float”，可能丢失数据
D:\项目和代码\游戏项目 东方地灵殿\源.cpp(994,25): warning C4244: “=”: 从“double”转换到“float”，可能丢失数据
D:\项目和代码\游戏项目 东方地灵殿\源.cpp(995,27): warning C4244: “=”: 从“double”转换到“float”，可能丢失数据
D:\项目和代码\游戏项目 东方地灵殿\源.cpp(996,41): warning C4244: “=”: 从“double”转换到“float”，可能丢失数据
D:\项目和代码\游戏项目 东方地灵殿\源.cpp(1006,26): warning C4244: “=”: 从“double”转换到“float”，可能丢失数据
D:\项目和代码\游戏项目 东方地灵殿\源.cpp(1012,17): warning C4305: “+=”: 从“double”到“float”截断
D:\项目和代码\游戏项目 东方地灵殿\源.cpp(1028,20): warning C4244: “=”: 从“float”转换到“int”，可能丢失数据
D:\项目和代码\游戏项目 东方地灵殿\源.cpp(1038,25): warning C4244: “=”: 从“double”转换到“float”，可能丢失数据
D:\项目和代码\游戏项目 东方地灵殿\源.cpp(1039,25): warning C4244: “=”: 从“double”转换到“float”，可能丢失数据
D:\项目和代码\游戏项目 东方地灵殿\源.cpp(1040,27): warning C4244: “=”: 从“double”转换到“float”，可能丢失数据
D:\项目和代码\游戏项目 东方地灵殿\源.cpp(1041,27): warning C4244: “=”: 从“double”转换到“float”，可能丢失数据
D:\项目和代码\游戏项目 东方地灵殿\源.cpp(1056,27): warning C4244: “=”: 从“double”转换到“float”，可能丢失数据
D:\项目和代码\游戏项目 东方地灵殿\源.cpp(1057,27): warning C4244: “=”: 从“double”转换到“float”，可能丢失数据
D:\项目和代码\游戏项目 东方地灵殿\源.cpp(1060,27): warning C4244: “=”: 从“double”转换到“float”，可能丢失数据
D:\项目和代码\游戏项目 东方地灵殿\源.cpp(1061,27): warning C4244: “=”: 从“double”转换到“float”，可能丢失数据
D:\项目和代码\游戏项目 东方地灵殿\源.cpp(1064,27): warning C4244: “=”: 从“double”转换到“float”，可能丢失数据
D:\项目和代码\游戏项目 东方地灵殿\源.cpp(1065,27): warning C4244: “=”: 从“double”转换到“float”，可能丢失数据
D:\项目和代码\游戏项目 东方地灵殿\源.cpp(1068,27): warning C4244: “=”: 从“double”转换到“float”，可能丢失数据
D:\项目和代码\游戏项目 东方地灵殿\源.cpp(1069,27): warning C4244: “=”: 从“double”转换到“float”，可能丢失数据
D:\项目和代码\游戏项目 东方地灵殿\源.cpp(1071,21): warning C4305: “+=”: 从“double”到“float”截断
D:\项目和代码\游戏项目 东方地灵殿\源.cpp(1092,21): warning C4244: “=”: 从“float”转换到“int”，可能丢失数据
  正在生成代码
  Previous IPDB not found, fall back to full compilation.
  All 275 functions were compiled because no usable IPDB/IOBJ from previous compilation was found.
  已完成代码的生成
  Game.vcxproj -> D:\项目和代码\游戏项目 东方地灵殿\x64\Release\Game.exe
